<?xml version="1.0" encoding="UTF-8" standalone="no"?>
<!DOCTYPE log SYSTEM "logger.dtd">
<log>
<record>
  <date>2020-02-14T14:39:37</date>
  <millis>1581709177245</millis>
  <sequence>0</sequence>
  <logger>deBruijn.deBruijn</logger>
  <level>FINE</level>
  <class>deBruijn.deBruijn</class>
  <method>getLoggerFile</method>
  <thread>1</thread>
  <message>Finer logged</message>
</record>
<record>
  <date>2020-02-14T14:39:37</date>
  <millis>1581709177261</millis>
  <sequence>1</sequence>
  <logger>deBruijn.deBruijn</logger>
  <level>FINER</level>
  <class>deBruijn.deBruijn</class>
  <method>getLoggerFile</method>
  <thread>1</thread>
  <message>Finest example on LOGGER handler completed.</message>
</record>
</log>
